# JRE version: Java(TM) SE Runtime Environment (13.0.2+8) (build 13.0.2+8)
# Java VM: Java HotSpot(TM) 64-Bit Server VM (13.0.2+8, mixed mode, sharing, tiered, compressed oops, g1 gc, windows-amd64)
Heap:
 garbage-first heap   total 65536K, used 21233K [0x00000000c1200000, 0x0000000100000000)
  region size 1024K, 9 young (9216K), 3 survivors (3072K)
 Metaspace       used 14921K, capacity 15427K, committed 15616K, reserved 1064960K
  class space    used 2034K, capacity 2207K, committed 2304K, reserved 1048576K
GC Heap History (8 events):
Event: 1.771 GC heap before
{Heap before GC invocations=0 (full 0):
 garbage-first heap   total 65536K, used 13312K [0x00000000c1200000, 0x0000000100000000)
  region size 1024K, 14 young (14336K), 0 survivors (0K)
 Metaspace       used 3239K, capacity 6363K, committed 6656K, reserved 1056768K
  class space    used 350K, capacity 683K, committed 768K, reserved 1048576K
}
Event: 1.777 GC heap after
{Heap after GC invocations=1 (full 0):
 garbage-first heap   total 65536K, used 1985K [0x00000000c1200000, 0x0000000100000000)
  region size 1024K, 2 young (2048K), 2 survivors (2048K)
 Metaspace       used 3239K, capacity 6363K, committed 6656K, reserved 1056768K
  class space    used 350K, capacity 683K, committed 768K, reserved 1048576K
}
Event: 2.722 GC heap before
{Heap before GC invocations=1 (full 0):
 garbage-first heap   total 65536K, used 38849K [0x00000000c1200000, 0x0000000100000000)
  region size 1024K, 38 young (38912K), 2 survivors (2048K)
 Metaspace       used 6608K, capacity 8545K, committed 8704K, reserved 1056768K
  class space    used 766K, capacity 1007K, committed 1024K, reserved 1048576K
}
Event: 2.736 GC heap after
{Heap after GC invocations=2 (full 0):
 garbage-first heap   total 65536K, used 12623K [0x00000000c1200000, 0x0000000100000000)
  region size 1024K, 5 young (5120K), 5 survivors (5120K)
 Metaspace       used 6608K, capacity 8545K, committed 8704K, reserved 1056768K
  class space    used 766K, capacity 1007K, committed 1024K, reserved 1048576K
}
Event: 4.328 GC heap before
{Heap before GC invocations=2 (full 0):
 garbage-first heap   total 65536K, used 24911K [0x00000000c1200000, 0x0000000100000000)
  region size 1024K, 17 young (17408K), 5 survivors (5120K)
 Metaspace       used 8596K, capacity 9388K, committed 9728K, reserved 1058816K
  class space    used 1044K, capacity 1185K, committed 1280K, reserved 1048576K
}
Event: 4.336 GC heap after
{Heap after GC invocations=3 (full 0):
 garbage-first heap   total 65536K, used 13182K [0x00000000c1200000, 0x0000000100000000)
  region size 1024K, 1 young (1024K), 1 survivors (1024K)
 Metaspace       used 8596K, capacity 9388K, committed 9728K, reserved 1058816K
  class space    used 1044K, capacity 1185K, committed 1280K, reserved 1048576K
}
Event: 5.531 GC heap before
{Heap before GC invocations=3 (full 0):
 garbage-first heap   total 65536K, used 33662K [0x00000000c1200000, 0x0000000100000000)
  region size 1024K, 21 young (21504K), 1 survivors (1024K)
 Metaspace       used 13659K, capacity 14150K, committed 14336K, reserved 1060864K
  class space    used 1785K, capacity 1951K, committed 2048K, reserved 1048576K
}
Event: 5.538 GC heap after
{Heap after GC invocations=4 (full 0):
 garbage-first heap   total 65536K, used 16113K [0x00000000c1200000, 0x0000000100000000)
  region size 1024K, 3 young (3072K), 3 survivors (3072K)
 Metaspace       used 13659K, capacity 14150K, committed 14336K, reserved 1060864K
  class space    used 1785K, capacity 1951K, committed 2048K, reserved 1048576K
}

