# JRE version: Java(TM) SE Runtime Environment (13.0.2+8) (build 13.0.2+8)
# Java VM: Java HotSpot(TM) 64-Bit Server VM (13.0.2+8, mixed mode, sharing, tiered, compressed oops, g1 gc, windows-amd64)
Heap:
 garbage-first heap   total 65536K, used 28310K [0x00000000c1200000, 0x0000000100000000)
  region size 1024K, 16 young (16384K), 3 survivors (3072K)
 Metaspace       used 18842K, capacity 19619K, committed 19712K, reserved 1067008K
  class space    used 2738K, capacity 3042K, committed 3072K, reserved 1048576K
GC Heap History (8 events):
Event: 2.042 GC heap before
{Heap before GC invocations=0 (full 0):
 garbage-first heap   total 65536K, used 13312K [0x00000000c1200000, 0x0000000100000000)
  region size 1024K, 14 young (14336K), 0 survivors (0K)
 Metaspace       used 3228K, capacity 6363K, committed 6656K, reserved 1056768K
  class space    used 350K, capacity 683K, committed 768K, reserved 1048576K
}
Event: 2.047 GC heap after
{Heap after GC invocations=1 (full 0):
 garbage-first heap   total 65536K, used 1910K [0x00000000c1200000, 0x0000000100000000)
  region size 1024K, 2 young (2048K), 2 survivors (2048K)
 Metaspace       used 3228K, capacity 6363K, committed 6656K, reserved 1056768K
  class space    used 350K, capacity 683K, committed 768K, reserved 1048576K
}
Event: 2.978 GC heap before
{Heap before GC invocations=1 (full 0):
 garbage-first heap   total 65536K, used 38774K [0x00000000c1200000, 0x0000000100000000)
  region size 1024K, 38 young (38912K), 2 survivors (2048K)
 Metaspace       used 6619K, capacity 8577K, committed 8832K, reserved 1056768K
  class space    used 776K, capacity 1039K, committed 1152K, reserved 1048576K
}
Event: 2.987 GC heap after
{Heap after GC invocations=2 (full 0):
 garbage-first heap   total 65536K, used 12186K [0x00000000c1200000, 0x0000000100000000)
  region size 1024K, 5 young (5120K), 5 survivors (5120K)
 Metaspace       used 6619K, capacity 8577K, committed 8832K, reserved 1056768K
  class space    used 776K, capacity 1039K, committed 1152K, reserved 1048576K
}
Event: 4.627 GC heap before
{Heap before GC invocations=2 (full 0):
 garbage-first heap   total 65536K, used 28570K [0x00000000c1200000, 0x0000000100000000)
  region size 1024K, 22 young (22528K), 5 survivors (5120K)
 Metaspace       used 9570K, capacity 10159K, committed 10368K, reserved 1058816K
  class space    used 1172K, capacity 1293K, committed 1408K, reserved 1048576K
}
Event: 4.636 GC heap after
{Heap after GC invocations=3 (full 0):
 garbage-first heap   total 65536K, used 13193K [0x00000000c1200000, 0x0000000100000000)
  region size 1024K, 2 young (2048K), 2 survivors (2048K)
 Metaspace       used 9570K, capacity 10159K, committed 10368K, reserved 1058816K
  class space    used 1172K, capacity 1293K, committed 1408K, reserved 1048576K
}
Event: 5.805 GC heap before
{Heap before GC invocations=3 (full 0):
 garbage-first heap   total 65536K, used 35721K [0x00000000c1200000, 0x0000000100000000)
  region size 1024K, 24 young (24576K), 2 survivors (2048K)
 Metaspace       used 15688K, capacity 16213K, committed 16512K, reserved 1062912K
  class space    used 2146K, capacity 2318K, committed 2432K, reserved 1048576K
}
Event: 5.812 GC heap after
{Heap after GC invocations=4 (full 0):
 garbage-first heap   total 65536K, used 16022K [0x00000000c1200000, 0x0000000100000000)
  region size 1024K, 3 young (3072K), 3 survivors (3072K)
 Metaspace       used 15688K, capacity 16213K, committed 16512K, reserved 1062912K
  class space    used 2146K, capacity 2318K, committed 2432K, reserved 1048576K
}

