# JRE version: Java(TM) SE Runtime Environment (13.0.2+8) (build 13.0.2+8)
# Java VM: Java HotSpot(TM) 64-Bit Server VM (13.0.2+8, mixed mode, sharing, tiered, compressed oops, g1 gc, windows-amd64)
Heap:
 garbage-first heap   total 65536K, used 36345K [0x00000000c1200000, 0x0000000100000000)
  region size 1024K, 21 young (21504K), 3 survivors (3072K)
 Metaspace       used 19313K, capacity 20136K, committed 20352K, reserved 1067008K
  class space    used 2791K, capacity 3110K, committed 3200K, reserved 1048576K
GC Heap History (8 events):
Event: 1.375 GC heap before
{Heap before GC invocations=0 (full 0):
 garbage-first heap   total 65536K, used 13312K [0x00000000c1200000, 0x0000000100000000)
  region size 1024K, 14 young (14336K), 0 survivors (0K)
 Metaspace       used 3230K, capacity 6363K, committed 6656K, reserved 1056768K
  class space    used 350K, capacity 683K, committed 768K, reserved 1048576K
}
Event: 1.380 GC heap after
{Heap after GC invocations=1 (full 0):
 garbage-first heap   total 65536K, used 2002K [0x00000000c1200000, 0x0000000100000000)
  region size 1024K, 2 young (2048K), 2 survivors (2048K)
 Metaspace       used 3230K, capacity 6363K, committed 6656K, reserved 1056768K
  class space    used 350K, capacity 683K, committed 768K, reserved 1048576K
}
Event: 2.126 GC heap before
{Heap before GC invocations=1 (full 0):
 garbage-first heap   total 65536K, used 38866K [0x00000000c1200000, 0x0000000100000000)
  region size 1024K, 38 young (38912K), 2 survivors (2048K)
 Metaspace       used 6589K, capacity 8545K, committed 8704K, reserved 1056768K
  class space    used 766K, capacity 1007K, committed 1024K, reserved 1048576K
}
Event: 2.136 GC heap after
{Heap after GC invocations=2 (full 0):
 garbage-first heap   total 65536K, used 12494K [0x00000000c1200000, 0x0000000100000000)
  region size 1024K, 5 young (5120K), 5 survivors (5120K)
 Metaspace       used 6589K, capacity 8545K, committed 8704K, reserved 1056768K
  class space    used 766K, capacity 1007K, committed 1024K, reserved 1048576K
}
Event: 3.404 GC heap before
{Heap before GC invocations=2 (full 0):
 garbage-first heap   total 65536K, used 26830K [0x00000000c1200000, 0x0000000100000000)
  region size 1024K, 19 young (19456K), 5 survivors (5120K)
 Metaspace       used 8791K, capacity 9551K, committed 9728K, reserved 1058816K
  class space    used 1069K, capacity 1218K, committed 1280K, reserved 1048576K
}
Event: 3.410 GC heap after
{Heap after GC invocations=3 (full 0):
 garbage-first heap   total 65536K, used 13896K [0x00000000c1200000, 0x0000000100000000)
  region size 1024K, 1 young (1024K), 1 survivors (1024K)
 Metaspace       used 8791K, capacity 9551K, committed 9728K, reserved 1058816K
  class space    used 1069K, capacity 1218K, committed 1280K, reserved 1048576K
}
Event: 4.208 GC heap before
{Heap before GC invocations=3 (full 0):
 garbage-first heap   total 65536K, used 34376K [0x00000000c1200000, 0x0000000100000000)
  region size 1024K, 22 young (22528K), 1 survivors (1024K)
 Metaspace       used 14389K, capacity 14887K, committed 14976K, reserved 1062912K
  class space    used 1945K, capacity 2133K, committed 2176K, reserved 1048576K
}
Event: 4.216 GC heap after
{Heap after GC invocations=4 (full 0):
 garbage-first heap   total 65536K, used 16889K [0x00000000c1200000, 0x0000000100000000)
  region size 1024K, 3 young (3072K), 3 survivors (3072K)
 Metaspace       used 14389K, capacity 14887K, committed 14976K, reserved 1062912K
  class space    used 1945K, capacity 2133K, committed 2176K, reserved 1048576K
}

